2025-04-02 11:50:14.324 [info] Reading sessions from keychain...
2025-04-02 11:50:14.325 [info] Getting sessions for all scopes...
2025-04-02 11:50:14.325 [info] Getting sessions for all scopes...
2025-04-02 11:50:14.325 [info] Got 0 sessions for ...
2025-04-02 11:50:14.325 [info] Got 0 sessions for ...
2025-04-02 11:50:14.635 [info] Getting sessions for read:user,repo,user:email,workflow...
2025-04-02 11:50:14.635 [info] Got 0 sessions for read:user,repo,user:email,workflow...
2025-04-02 11:59:59.065 [info] Getting sessions for read:user,repo,user:email,workflow...
2025-04-02 11:59:59.065 [info] Got 0 sessions for read:user,repo,user:email,workflow...
2025-04-02 12:00:01.716 [info] Logging in with 'any' account...
2025-04-02 12:00:01.716 [info] Logging in for the following scopes: read:user repo user:email workflow
2025-04-02 12:00:02.413 [info] Trying device code flow... (read:user repo user:email workflow)
2025-04-02 12:02:53.038 [info] Getting user info...
2025-04-02 12:02:53.722 [info] Got account info!
2025-04-02 12:02:53.723 [info] Storing 1 sessions...
2025-04-02 12:02:54.156 [info] Reading sessions from keychain...
2025-04-02 12:02:54.156 [info] Stored 1 sessions!
2025-04-02 12:02:54.157 [info] Login success!
2025-04-02 12:02:54.463 [info] Got stored sessions!
2025-04-02 12:02:54.549 [info] Got 1 verified sessions.
2025-04-02 12:02:56.330 [info] Getting sessions for read:user,repo,user:email,workflow...
2025-04-02 12:02:56.330 [info] Got 1 sessions for read:user,repo,user:email,workflow...
