2025-04-02 11:39:01.161 [info] [main] Log level: Info
2025-04-02 11:39:01.161 [info] [main] Validating found git in: "git"
2025-04-02 11:39:01.161 [info] [main] Using git "2.34.1" from "git"
2025-04-02 11:39:01.161 [info] [Model][doInitialScan] Initial repository scan started
2025-04-02 11:39:01.161 [info] > git rev-parse --show-toplevel [3ms]
2025-04-02 11:39:01.162 [info] fatal: not a git repository (or any of the parent directories): .git
2025-04-02 11:39:01.162 [info] > git rev-parse --show-toplevel [2ms]
2025-04-02 11:39:01.162 [info] fatal: not a git repository (or any of the parent directories): .git
2025-04-02 11:39:01.162 [info] > git rev-parse --show-toplevel [2ms]
2025-04-02 11:39:01.162 [info] fatal: not a git repository (or any of the parent directories): .git
2025-04-02 11:39:01.163 [info] > git rev-parse --show-toplevel [2ms]
2025-04-02 11:39:01.163 [info] fatal: not a git repository (or any of the parent directories): .git
2025-04-02 11:39:01.163 [info] > git rev-parse --show-toplevel [2ms]
2025-04-02 11:39:01.163 [info] fatal: not a git repository (or any of the parent directories): .git
2025-04-02 11:39:01.163 [info] > git rev-parse --show-toplevel [3ms]
2025-04-02 11:39:01.163 [info] fatal: not a git repository (or any of the parent directories): .git
2025-04-02 11:39:01.164 [info] > git rev-parse --show-toplevel [3ms]
2025-04-02 11:39:01.164 [info] > git rev-parse --git-dir --git-common-dir [2ms]
2025-04-02 11:39:01.164 [info] [Model][openRepository] Opened repository: /home/ubuntu/.nvm
2025-04-02 11:39:01.164 [info] > git config --get commit.template [6ms]
2025-04-02 11:39:01.165 [info] > git rev-parse --show-toplevel [4ms]
2025-04-02 11:39:01.165 [info] fatal: not a git repository (or any of the parent directories): .git
2025-04-02 11:39:01.165 [info] > git for-each-ref --format %(refname) %(objectname) %(*objectname) refs/tags [6ms]
2025-04-02 11:39:01.165 [info] > git rev-parse --show-toplevel [12ms]
2025-04-02 11:39:01.165 [info] fatal: not a git repository (or any of the parent directories): .git
2025-04-02 11:39:01.166 [info] > git for-each-ref --sort -committerdate --format %(refname) %(objectname) %(*objectname) [6ms]
2025-04-02 11:39:01.166 [info] > git rev-parse --show-toplevel [3ms]
2025-04-02 11:39:01.166 [info] fatal: not a git repository (or any of the parent directories): .git
2025-04-02 11:39:01.166 [info] > git rev-parse --show-toplevel [2ms]
2025-04-02 11:39:01.166 [info] > git rev-parse --git-dir --git-common-dir [2ms]
2025-04-02 11:39:01.167 [info] [Model][openRepository] Opened repository: /home/ubuntu/WorkerHiringApp
2025-04-02 11:39:01.167 [info] [Model][doInitialScan] Initial repository scan completed - repositories (2), closed repositories (0), parent repositories (0), unsafe repositories (0)
2025-04-02 11:39:01.167 [info] > git status -z -uall [38ms]
2025-04-02 11:39:01.167 [info] > git config --get commit.template [28ms]
2025-04-02 11:39:01.167 [info] [Git][getRemotes] No remotes found in the git config file
2025-04-02 11:39:01.167 [info] > git config --get commit.template [8ms]
2025-04-02 11:39:01.167 [info] > git for-each-ref --format=%(refname)%00%(upstream:short)%00%(objectname)%00%(upstream:track)%00%(upstream:remotename)%00%(upstream:remoteref) refs/heads/master refs/remotes/master [4ms]
2025-04-02 11:39:01.167 [info] > git for-each-ref --format %(refname) %(objectname) %(*objectname) refs/tags [8ms]
2025-04-02 11:39:01.167 [info] > git for-each-ref --sort -committerdate --format %(refname) %(objectname) %(*objectname) [8ms]
2025-04-02 11:39:01.167 [info] > git for-each-ref --sort -committerdate --format %(refname) %(objectname) %(*objectname) [6ms]
2025-04-02 11:39:01.167 [info] > git status -z -uall [26ms]
2025-04-02 11:39:01.441 [info] > git status -z -uall [361ms] (cancelled)
2025-04-02 11:39:03.088 [info] > git for-each-ref --format=%(refname)%00%(upstream:short)%00%(objectname)%00%(upstream:track)%00%(upstream:remotename)%00%(upstream:remoteref) refs/heads/master refs/remotes/master [1651ms]
2025-04-02 11:39:03.116 [info] > git config --get --local branch.master.vscode-merge-base [19ms]
2025-04-02 11:39:03.116 [warning] [Git][config] git config failed: Failed to execute git
2025-04-02 11:39:03.131 [info] > git config --get commit.template [48ms]
2025-04-02 11:39:03.133 [info] > git rev-parse --show-toplevel [19ms]
2025-04-02 11:39:03.140 [info] [Git][getRemotes] No remotes found in the git config file
2025-04-02 11:39:03.195 [info] > git for-each-ref --format=%(refname)%00%(upstream:short)%00%(objectname)%00%(upstream:track)%00%(upstream:remotename)%00%(upstream:remoteref) refs/heads/master refs/remotes/master [56ms]
2025-04-02 11:39:03.204 [info] > git reflog master --grep-reflog=branch: Created from *. [74ms]
2025-04-02 11:39:03.209 [info] > git for-each-ref --sort -committerdate --format %(refname) %(objectname) %(*objectname) [5ms]
2025-04-02 11:39:03.543 [info] > git status -z -uall [343ms] (cancelled)
2025-04-02 11:39:05.166 [info] > git check-ignore -v -z --stdin [25ms]
2025-04-02 11:39:05.168 [info] > git check-ignore -v -z --stdin [22ms]
2025-04-02 11:39:10.204 [info] > git rev-parse --show-toplevel [3ms]
2025-04-02 11:39:10.204 [info] fatal: not a git repository (or any of the parent directories): .git
2025-04-02 11:39:13.040 [info] > git rev-parse --show-toplevel [2ms]
2025-04-02 11:39:13.040 [info] fatal: not a git repository (or any of the parent directories): .git
2025-04-02 11:39:14.242 [info] > git rev-parse --show-toplevel [3ms]
2025-04-02 11:39:14.242 [info] fatal: not a git repository (or any of the parent directories): .git
2025-04-02 11:39:19.162 [info] > git rev-parse --show-toplevel [2ms]
2025-04-02 11:39:19.162 [info] fatal: not a git repository (or any of the parent directories): .git
2025-04-02 11:39:20.321 [info] > git rev-parse --show-toplevel [2ms]
2025-04-02 11:39:20.321 [info] fatal: not a git repository (or any of the parent directories): .git
2025-04-02 11:39:22.038 [info] > git rev-parse --show-toplevel [3ms]
2025-04-02 11:39:22.038 [info] fatal: not a git repository (or any of the parent directories): .git
2025-04-02 11:39:25.182 [info] > git rev-parse --show-toplevel [2ms]
2025-04-02 11:39:25.182 [info] fatal: not a git repository (or any of the parent directories): .git
2025-04-02 11:39:26.452 [info] > git rev-parse --show-toplevel [3ms]
2025-04-02 11:39:26.452 [info] fatal: not a git repository (or any of the parent directories): .git
2025-04-02 11:39:27.725 [info] > git rev-parse --show-toplevel [2ms]
2025-04-02 11:39:27.725 [info] fatal: not a git repository (or any of the parent directories): .git
2025-04-02 11:39:29.899 [info] > git rev-parse --show-toplevel [3ms]
2025-04-02 11:39:29.899 [info] fatal: not a git repository (or any of the parent directories): .git
2025-04-02 11:39:31.840 [info] > git rev-parse --show-toplevel [2ms]
2025-04-02 11:39:31.840 [info] fatal: not a git repository (or any of the parent directories): .git
2025-04-02 11:41:15.902 [info] > git check-ignore -v -z --stdin [3ms]
2025-04-02 11:41:23.041 [info] > git check-ignore -v -z --stdin [2ms]
2025-04-02 11:41:44.177 [info] > git ls-files --stage -- README.md [4ms]
2025-04-02 11:41:44.181 [info] > git show --textconv :README.md [12ms]
2025-04-02 11:41:44.185 [info] > git cat-file -s befc139d6e7aaf77774c1c86745b73575cc0a32e [4ms]
2025-04-02 11:45:02.718 [info] [Git][getRemotes] No remotes found in the git config file
2025-04-02 11:45:02.720 [info] > git config --get commit.template [10ms]
2025-04-02 11:45:02.721 [info] > git for-each-ref --format=%(refname)%00%(upstream:short)%00%(objectname)%00%(upstream:track)%00%(upstream:remotename)%00%(upstream:remoteref) refs/heads/master refs/remotes/master [3ms]
2025-04-02 11:45:02.738 [info] > git for-each-ref --sort -committerdate --format %(refname) %(objectname) %(*objectname) [3ms]
2025-04-02 11:45:05.103 [info] > git status -z -uall [2374ms] (cancelled)
