2025-04-02 11:50:09.121 [info] [main] Log level: Info
2025-04-02 11:50:09.121 [info] [main] Validating found git in: "git"
2025-04-02 11:50:09.121 [info] [main] Using git "2.34.1" from "git"
2025-04-02 11:50:09.121 [info] [Model][doInitialScan] Initial repository scan started
2025-04-02 11:50:09.121 [info] > git rev-parse --show-toplevel [3ms]
2025-04-02 11:50:09.121 [info] fatal: not a git repository (or any of the parent directories): .git
2025-04-02 11:50:09.121 [info] > git rev-parse --show-toplevel [2ms]
2025-04-02 11:50:09.121 [info] fatal: not a git repository (or any of the parent directories): .git
2025-04-02 11:50:09.121 [info] > git rev-parse --show-toplevel [2ms]
2025-04-02 11:50:09.121 [info] fatal: not a git repository (or any of the parent directories): .git
2025-04-02 11:50:09.121 [info] > git rev-parse --show-toplevel [2ms]
2025-04-02 11:50:09.121 [info] fatal: not a git repository (or any of the parent directories): .git
2025-04-02 11:50:09.121 [info] > git rev-parse --show-toplevel [2ms]
2025-04-02 11:50:09.121 [info] fatal: not a git repository (or any of the parent directories): .git
2025-04-02 11:50:09.121 [info] > git rev-parse --show-toplevel [3ms]
2025-04-02 11:50:09.121 [info] fatal: not a git repository (or any of the parent directories): .git
2025-04-02 11:50:09.121 [info] > git rev-parse --show-toplevel [3ms]
2025-04-02 11:50:09.121 [info] > git rev-parse --git-dir --git-common-dir [2ms]
2025-04-02 11:50:09.121 [info] [Model][openRepository] Opened repository: /home/ubuntu/.nvm
2025-04-02 11:50:09.121 [info] > git config --get commit.template [4ms]
2025-04-02 11:50:09.121 [info] > git rev-parse --show-toplevel [2ms]
2025-04-02 11:50:09.121 [info] fatal: not a git repository (or any of the parent directories): .git
2025-04-02 11:50:09.121 [info] > git for-each-ref --format %(refname) %(objectname) %(*objectname) refs/tags [6ms]
2025-04-02 11:50:09.121 [info] > git rev-parse --show-toplevel [10ms]
2025-04-02 11:50:09.121 [info] fatal: not a git repository (or any of the parent directories): .git
2025-04-02 11:50:09.121 [info] > git for-each-ref --sort -committerdate --format %(refname) %(objectname) %(*objectname) [5ms]
2025-04-02 11:50:09.121 [info] > git rev-parse --show-toplevel [2ms]
2025-04-02 11:50:09.121 [info] fatal: not a git repository (or any of the parent directories): .git
2025-04-02 11:50:09.121 [info] > git rev-parse --show-toplevel [3ms]
2025-04-02 11:50:09.121 [info] > git rev-parse --git-dir --git-common-dir [2ms]
2025-04-02 11:50:09.121 [info] [Model][openRepository] Opened repository: /home/ubuntu/WorkerHiringApp
2025-04-02 11:50:09.121 [info] [Model][doInitialScan] Initial repository scan completed - repositories (2), closed repositories (0), parent repositories (0), unsafe repositories (0)
2025-04-02 11:50:09.121 [info] > git status -z -uall [38ms]
2025-04-02 11:50:09.121 [info] > git config --get commit.template [30ms]
2025-04-02 11:50:09.121 [info] [Git][getRemotes] No remotes found in the git config file
2025-04-02 11:50:09.121 [info] > git config --get commit.template [6ms]
2025-04-02 11:50:09.121 [info] > git for-each-ref --format=%(refname)%00%(upstream:short)%00%(objectname)%00%(upstream:track)%00%(upstream:remotename)%00%(upstream:remoteref) refs/heads/master refs/remotes/master [5ms]
2025-04-02 11:50:09.121 [info] > git for-each-ref --format %(refname) %(objectname) %(*objectname) refs/tags [9ms]
2025-04-02 11:50:09.121 [info] > git for-each-ref --sort -committerdate --format %(refname) %(objectname) %(*objectname) [10ms]
2025-04-02 11:50:09.121 [info] > git for-each-ref --sort -committerdate --format %(refname) %(objectname) %(*objectname) [6ms]
2025-04-02 11:50:09.121 [info] > git status -z -uall [31ms]
2025-04-02 11:50:09.121 [info] > git rev-parse --show-toplevel [2ms]
2025-04-02 11:50:09.121 [info] fatal: not a git repository (or any of the parent directories): .git
2025-04-02 11:50:09.593 [info] > git status -z -uall [581ms] (cancelled)
2025-04-02 11:50:11.415 [info] > git for-each-ref --format=%(refname)%00%(upstream:short)%00%(objectname)%00%(upstream:track)%00%(upstream:remotename)%00%(upstream:remoteref) refs/heads/master refs/remotes/master [1831ms]
2025-04-02 11:50:11.441 [info] > git check-ignore -v -z --stdin [7ms]
2025-04-02 11:50:11.442 [info] > git check-ignore -v -z --stdin [5ms]
2025-04-02 11:50:11.444 [info] > git config --get --local branch.master.vscode-merge-base [24ms]
2025-04-02 11:50:11.444 [warning] [Git][config] git config failed: Failed to execute git
2025-04-02 11:50:11.449 [info] > git rev-parse --show-toplevel [36ms]
2025-04-02 11:50:11.449 [info] > git config --get commit.template [42ms]
2025-04-02 11:50:11.455 [info] [Git][getRemotes] No remotes found in the git config file
2025-04-02 11:50:11.456 [info] > git reflog master --grep-reflog=branch: Created from *. [7ms]
2025-04-02 11:50:11.457 [info] > git for-each-ref --format=%(refname)%00%(upstream:short)%00%(objectname)%00%(upstream:track)%00%(upstream:remotename)%00%(upstream:remoteref) refs/heads/master refs/remotes/master [3ms]
2025-04-02 11:50:11.468 [info] > git for-each-ref --sort -committerdate --format %(refname) %(objectname) %(*objectname) [2ms]
2025-04-02 11:50:11.802 [info] > git status -z -uall [341ms] (cancelled)
2025-04-02 11:50:13.584 [info] > git check-ignore -v -z --stdin [44ms]
2025-04-02 11:50:13.586 [info] > git check-ignore -v -z --stdin [40ms]
2025-04-02 11:51:44.124 [info] > git rev-parse --show-toplevel [2ms]
2025-04-02 11:51:44.130 [info] > git rev-parse --git-dir --git-common-dir [1ms]
2025-04-02 11:51:44.137 [info] [Model][openRepository] Opened repository: /home/ubuntu
2025-04-02 11:51:44.146 [info] [Git][getRemotes] No remotes found in the git config file
2025-04-02 11:51:44.147 [info] > git config --get commit.template [5ms]
2025-04-02 11:51:44.148 [info] > git for-each-ref --format=%(refname)%00%(upstream:short)%00%(objectname)%00%(upstream:track)%00%(upstream:remotename)%00%(upstream:remoteref) refs/heads/master refs/remotes/master [2ms]
2025-04-02 11:51:44.148 [warning] [Git][getBranch] No such branch: master
2025-04-02 11:51:44.158 [info] > git for-each-ref --sort -committerdate --format %(refname) %(objectname) %(*objectname) [2ms]
2025-04-02 11:51:44.490 [info] > git status -z -uall [338ms] (cancelled)
2025-04-02 11:51:46.163 [info] > git for-each-ref --format=%(refname)%00%(upstream:short)%00%(objectname)%00%(upstream:track)%00%(upstream:remotename)%00%(upstream:remoteref) refs/heads/master refs/remotes/master [1685ms]
2025-04-02 11:51:46.163 [warning] [Git][getBranch] No such branch: master
2025-04-02 11:51:46.164 [error] [GitHistoryProvider][resolveHEADMergeBase] Failed to resolve merge base for master: Error: No such branch: master.
2025-04-02 11:51:46.174 [info] > git config --get commit.template [13ms]
2025-04-02 11:51:46.187 [info] [Git][getRemotes] No remotes found in the git config file
2025-04-02 11:51:46.192 [info] > git for-each-ref --format=%(refname)%00%(upstream:short)%00%(objectname)%00%(upstream:track)%00%(upstream:remotename)%00%(upstream:remoteref) refs/heads/master refs/remotes/master [5ms]
2025-04-02 11:51:46.192 [warning] [Git][getBranch] No such branch: master
2025-04-02 11:51:46.232 [info] > git for-each-ref --sort -committerdate --format %(refname) %(objectname) %(*objectname) [1ms]
2025-04-02 11:51:46.350 [info] > git status -z -uall [143ms] (cancelled)
2025-04-02 11:51:48.308 [info] > git check-ignore -v -z --stdin [23ms]
2025-04-02 11:51:48.308 [info] > git check-ignore -v -z --stdin [17ms]
2025-04-02 11:51:48.309 [info] > git check-ignore -v -z --stdin [13ms]
2025-04-02 11:54:12.129 [info] [Git][getRemotes] No remotes found in the git config file
2025-04-02 11:54:12.131 [info] > git config --get commit.template [6ms]
2025-04-02 11:54:12.131 [info] > git for-each-ref --format=%(refname)%00%(upstream:short)%00%(objectname)%00%(upstream:track)%00%(upstream:remotename)%00%(upstream:remoteref) refs/heads/main refs/remotes/main [2ms]
2025-04-02 11:54:12.132 [warning] [Git][getBranch] No such branch: main
2025-04-02 11:54:12.144 [info] > git for-each-ref --sort -committerdate --format %(refname) %(objectname) %(*objectname) [3ms]
2025-04-02 11:54:14.155 [info] > git status -z -uall [2020ms] (cancelled)
2025-04-02 11:54:14.155 [info] > git for-each-ref --format=%(refname)%00%(upstream:short)%00%(objectname)%00%(upstream:track)%00%(upstream:remotename)%00%(upstream:remoteref) refs/heads/main refs/remotes/main [1736ms]
2025-04-02 11:54:14.155 [warning] [Git][getBranch] No such branch: main
2025-04-02 11:54:14.156 [error] [GitHistoryProvider][resolveHEADMergeBase] Failed to resolve merge base for main: Error: No such branch: main.
